
*** Running vivado
    with args -log starfire_top.vds -m64 -mode batch -messageDb vivado.pb -source starfire_top.tcl


****** Vivado v2014.4.1 (64-bit)
  **** SW Build 1149489 on Thu Feb 19 16:23:09 MST 2015
  **** IP Build 1147552 on Wed Feb 18 14:25:16 MST 2015
    ** Copyright 1986-2014 Xilinx, Inc. All Rights Reserved.

source starfire_top.tcl
# set_param gui.test TreeTableDev
# debug::add_scope template.lib 1
# set_msg_config -id {HDL 9-1061} -limit 100000
# set_msg_config -id {HDL 9-1654} -limit 100000
# create_project -in_memory -part xc7z020clg484-1
# set_param project.compositeFile.enableAutoGeneration 0
# set_param synth.vivado.isSynthRun true
# set_msg_config -id {IP_Flow 19-2162} -severity warning -new_severity info
# set_property webtalk.parent_dir F:/FPGA2016/DEMO/starfire.cache/wt [current_project]
# set_property parent.project_path F:/FPGA2016/DEMO/starfire.xpr [current_project]
# set_property default_lib xil_defaultlib [current_project]
# set_property target_language VHDL [current_project]
# set_property ip_repo_paths E:/FPGA_Project/KCT16/KCT16.ipdefs [current_project]
# add_files F:/FPGA2016/DEMO/starfire.srcs/sources_1/bd/design_1/design_1.bd
INFO: [IP_Flow 19-234] Refreshing IP repositories
INFO: [IP_Flow 19-1700] Loaded user IP repository 'e:/FPGA_Project/KCT16/KCT16.ipdefs'.
INFO: [IP_Flow 19-2313] Loaded Vivado IP repository 'C:/Xilinx/Vivado/2014.4/data/ip'.
# set_property used_in_implementation false [get_files -all f:/FPGA2016/DEMO/starfire.srcs/sources_1/bd/design_1/ip/design_1_processing_system7_0_0/design_1_processing_system7_0_0.xdc]
# set_property used_in_implementation false [get_files -all f:/FPGA2016/DEMO/starfire.srcs/sources_1/bd/design_1/ip/design_1_rst_processing_system7_0_50M_0/design_1_rst_processing_system7_0_50M_0_board.xdc]
# set_property used_in_implementation false [get_files -all f:/FPGA2016/DEMO/starfire.srcs/sources_1/bd/design_1/ip/design_1_rst_processing_system7_0_50M_0/design_1_rst_processing_system7_0_50M_0.xdc]
# set_property used_in_implementation false [get_files -all f:/FPGA2016/DEMO/starfire.srcs/sources_1/bd/design_1/ip/design_1_rst_processing_system7_0_50M_0/design_1_rst_processing_system7_0_50M_0_ooc.xdc]
# set_property used_in_implementation false [get_files -all F:/FPGA2016/DEMO/starfire.srcs/sources_1/bd/design_1/design_1_ooc.xdc]
# set_property is_locked true [get_files F:/FPGA2016/DEMO/starfire.srcs/sources_1/bd/design_1/design_1.bd]
# read_vhdl -library xil_defaultlib F:/FPGA2016/DEMO/starfire.srcs/sources_1/src/starfire_top.vhd
# read_xdc F:/FPGA2016/DEMO/starfire.srcs/constrs_1/new/starfire_top.xdc
# set_property used_in_implementation false [get_files F:/FPGA2016/DEMO/starfire.srcs/constrs_1/new/starfire_top.xdc]
# read_xdc dont_touch.xdc
# set_property used_in_implementation false [get_files dont_touch.xdc]
# catch { write_hwdef -file starfire_top.hwdef }
# synth_design -top starfire_top -part xc7z020clg484-1
Command: synth_design -top starfire_top -part xc7z020clg484-1
Starting synth_design
Attempting to get a license for feature 'Synthesis' and/or device 'xc7z020'
INFO: [Common 17-349] Got license for feature 'Synthesis' and/or device 'xc7z020'
INFO: [Common 17-1223] The version limit for your license is '2016.06' and will expire in -454 days. A version limit expiration means that, although you may be able to continue to use the current version of tools or IP with this license, you will not be eligible for any updates or new releases.
---------------------------------------------------------------------------------
Starting RTL Elaboration : Time (s): cpu = 00:00:06 ; elapsed = 00:00:08 . Memory (MB): peak = 280.656 ; gain = 89.031
---------------------------------------------------------------------------------
INFO: [Synth 8-638] synthesizing module 'starfire_top' [F:/FPGA2016/DEMO/starfire.srcs/sources_1/src/starfire_top.vhd:35]
INFO: [Synth 8-3491] module 'design_1' declared at 'F:/FPGA2016/DEMO/starfire.srcs/sources_1/bd/design_1/hdl/design_1.vhd:557' bound to instance 'design_1_i' of component 'design_1' [F:/FPGA2016/DEMO/starfire.srcs/sources_1/src/starfire_top.vhd:283]
INFO: [Synth 8-638] synthesizing module 'design_1' [F:/FPGA2016/DEMO/starfire.srcs/sources_1/bd/design_1/hdl/design_1.vhd:591]
INFO: [Synth 8-113] binding component instance 'GND' to cell 'GND' [F:/FPGA2016/DEMO/starfire.srcs/sources_1/bd/design_1/hdl/design_1.vhd:820]
INFO: [Synth 8-113] binding component instance 'VCC' to cell 'VCC' [F:/FPGA2016/DEMO/starfire.srcs/sources_1/bd/design_1/hdl/design_1.vhd:824]
INFO: [Synth 8-3491] module 'design_1_processing_system7_0_0' declared at 'f:/FPGA2016/DEMO/starfire.srcs/sources_1/bd/design_1/ip/design_1_processing_system7_0_0/synth/design_1_processing_system7_0_0.v:57' bound to instance 'processing_system7_0' of component 'design_1_processing_system7_0_0' [F:/FPGA2016/DEMO/starfire.srcs/sources_1/bd/design_1/hdl/design_1.vhd:828]
INFO: [Synth 8-638] synthesizing module 'design_1_processing_system7_0_0' [f:/FPGA2016/DEMO/starfire.srcs/sources_1/bd/design_1/ip/design_1_processing_system7_0_0/synth/design_1_processing_system7_0_0.v:57]
INFO: [Synth 8-638] synthesizing module 'processing_system7_v5_5_processing_system7' [f:/FPGA2016/DEMO/starfire.srcs/sources_1/bd/design_1/ip/design_1_processing_system7_0_0/hdl/verilog/processing_system7_v5_5_processing_system7.v:154]
	Parameter C_USE_DEFAULT_ACP_USER_VAL bound to: 0 - type: integer 
	Parameter C_S_AXI_ACP_ARUSER_VAL bound to: 31 - type: integer 
	Parameter C_S_AXI_ACP_AWUSER_VAL bound to: 31 - type: integer 
	Parameter C_M_AXI_GP0_THREAD_ID_WIDTH bound to: 12 - type: integer 
	Parameter C_M_AXI_GP1_THREAD_ID_WIDTH bound to: 12 - type: integer 
	Parameter C_M_AXI_GP0_ENABLE_STATIC_REMAP bound to: 0 - type: integer 
	Parameter C_M_AXI_GP1_ENABLE_STATIC_REMAP bound to: 0 - type: integer 
	Parameter C_M_AXI_GP0_ID_WIDTH bound to: 12 - type: integer 
	Parameter C_M_AXI_GP1_ID_WIDTH bound to: 12 - type: integer 
	Parameter C_S_AXI_GP0_ID_WIDTH bound to: 6 - type: integer 
	Parameter C_S_AXI_GP1_ID_WIDTH bound to: 6 - type: integer 
	Parameter C_S_AXI_HP0_ID_WIDTH bound to: 6 - type: integer 
	Parameter C_S_AXI_HP1_ID_WIDTH bound to: 6 - type: integer 
	Parameter C_S_AXI_HP2_ID_WIDTH bound to: 6 - type: integer 
	Parameter C_S_AXI_HP3_ID_WIDTH bound to: 6 - type: integer 
	Parameter C_S_AXI_ACP_ID_WIDTH bound to: 3 - type: integer 
	Parameter C_S_AXI_HP0_DATA_WIDTH bound to: 64 - type: integer 
	Parameter C_S_AXI_HP1_DATA_WIDTH bound to: 64 - type: integer 
	Parameter C_S_AXI_HP2_DATA_WIDTH bound to: 64 - type: integer 
	Parameter C_S_AXI_HP3_DATA_WIDTH bound to: 64 - type: integer 
	Parameter C_INCLUDE_ACP_TRANS_CHECK bound to: 0 - type: integer 
	Parameter C_NUM_F2P_INTR_INPUTS bound to: 1 - type: integer 
	Parameter C_FCLK_CLK0_BUF bound to: true - type: string 
	Parameter C_FCLK_CLK1_BUF bound to: false - type: string 
	Parameter C_FCLK_CLK2_BUF bound to: false - type: string 
	Parameter C_FCLK_CLK3_BUF bound to: false - type: string 
	Parameter C_EMIO_GPIO_WIDTH bound to: 64 - type: integer 
	Parameter C_INCLUDE_TRACE_BUFFER bound to: 0 - type: integer 
	Parameter C_TRACE_BUFFER_FIFO_SIZE bound to: 128 - type: integer 
	Parameter C_TRACE_BUFFER_CLOCK_DELAY bound to: 12 - type: integer 
	Parameter USE_TRACE_DATA_EDGE_DETECTOR bound to: 0 - type: integer 
	Parameter C_TRACE_PIPELINE_WIDTH bound to: 8 - type: integer 
	Parameter C_PS7_SI_REV bound to: PRODUCTION - type: string 
	Parameter C_EN_EMIO_ENET0 bound to: 0 - type: integer 
	Parameter C_EN_EMIO_ENET1 bound to: 0 - type: integer 
	Parameter C_EN_EMIO_TRACE bound to: 0 - type: integer 
	Parameter C_DQ_WIDTH bound to: 32 - type: integer 
	Parameter C_DQS_WIDTH bound to: 4 - type: integer 
	Parameter C_DM_WIDTH bound to: 4 - type: integer 
	Parameter C_MIO_PRIMITIVE bound to: 54 - type: integer 
	Parameter C_PACKAGE_NAME bound to: clg484 - type: string 
	Parameter C_IRQ_F2P_MODE bound to: DIRECT - type: string 
	Parameter C_TRACE_INTERNAL_WIDTH bound to: 2 - type: integer 
	Parameter C_EN_EMIO_PJTAG bound to: 0 - type: integer 
INFO: [Synth 8-638] synthesizing module 'BUFG' [C:/Xilinx/Vivado/2014.4/scripts/rt/data/unisim_comp.v:606]
INFO: [Synth 8-256] done synthesizing module 'BUFG' (1#1) [C:/Xilinx/Vivado/2014.4/scripts/rt/data/unisim_comp.v:606]
WARNING: [Synth 8-4446] all outputs are unconnected for this instance and logic may be removed [f:/FPGA2016/DEMO/starfire.srcs/sources_1/bd/design_1/ip/design_1_processing_system7_0_0/hdl/verilog/processing_system7_v5_5_processing_system7.v:2232]
INFO: [Synth 8-638] synthesizing module 'BIBUF' [C:/Xilinx/Vivado/2014.4/scripts/rt/data/unisim_comp.v:268]
INFO: [Synth 8-256] done synthesizing module 'BIBUF' (2#1) [C:/Xilinx/Vivado/2014.4/scripts/rt/data/unisim_comp.v:268]
WARNING: [Synth 8-4446] all outputs are unconnected for this instance and logic may be removed [f:/FPGA2016/DEMO/starfire.srcs/sources_1/bd/design_1/ip/design_1_processing_system7_0_0/hdl/verilog/processing_system7_v5_5_processing_system7.v:2233]
WARNING: [Synth 8-4446] all outputs are unconnected for this instance and logic may be removed [f:/FPGA2016/DEMO/starfire.srcs/sources_1/bd/design_1/ip/design_1_processing_system7_0_0/hdl/verilog/processing_system7_v5_5_processing_system7.v:2234]
WARNING: [Synth 8-4446] all outputs are unconnected for this instance and logic may be removed [f:/FPGA2016/DEMO/starfire.srcs/sources_1/bd/design_1/ip/design_1_processing_system7_0_0/hdl/verilog/processing_system7_v5_5_processing_system7.v:2235]
WARNING: [Synth 8-4446] all outputs are unconnected for this instance and logic may be removed [f:/FPGA2016/DEMO/starfire.srcs/sources_1/bd/design_1/ip/design_1_processing_system7_0_0/hdl/verilog/processing_system7_v5_5_processing_system7.v:2236]
WARNING: [Synth 8-4446] all outputs are unconnected for this instance and logic may be removed [f:/FPGA2016/DEMO/starfire.srcs/sources_1/bd/design_1/ip/design_1_processing_system7_0_0/hdl/verilog/processing_system7_v5_5_processing_system7.v:2237]
WARNING: [Synth 8-4446] all outputs are unconnected for this instance and logic may be removed [f:/FPGA2016/DEMO/starfire.srcs/sources_1/bd/design_1/ip/design_1_processing_system7_0_0/hdl/verilog/processing_system7_v5_5_processing_system7.v:2238]
WARNING: [Synth 8-4446] all outputs are unconnected for this instance and logic may be removed [f:/FPGA2016/DEMO/starfire.srcs/sources_1/bd/design_1/ip/design_1_processing_system7_0_0/hdl/verilog/processing_system7_v5_5_processing_system7.v:2239]
WARNING: [Synth 8-4446] all outputs are unconnected for this instance and logic may be removed [f:/FPGA2016/DEMO/starfire.srcs/sources_1/bd/design_1/ip/design_1_processing_system7_0_0/hdl/verilog/processing_system7_v5_5_processing_system7.v:2240]
WARNING: [Synth 8-4446] all outputs are unconnected for this instance and logic may be removed [f:/FPGA2016/DEMO/starfire.srcs/sources_1/bd/design_1/ip/design_1_processing_system7_0_0/hdl/verilog/processing_system7_v5_5_processing_system7.v:2241]
WARNING: [Synth 8-4446] all outputs are unconnected for this instance and logic may be removed [f:/FPGA2016/DEMO/starfire.srcs/sources_1/bd/design_1/ip/design_1_processing_system7_0_0/hdl/verilog/processing_system7_v5_5_processing_system7.v:2242]
WARNING: [Synth 8-4446] all outputs are unconnected for this instance and logic may be removed [f:/FPGA2016/DEMO/starfire.srcs/sources_1/bd/design_1/ip/design_1_processing_system7_0_0/hdl/verilog/processing_system7_v5_5_processing_system7.v:2243]
WARNING: [Synth 8-4446] all outputs are unconnected for this instance and logic may be removed [f:/FPGA2016/DEMO/starfire.srcs/sources_1/bd/design_1/ip/design_1_processing_system7_0_0/hdl/verilog/processing_system7_v5_5_processing_system7.v:2244]
WARNING: [Synth 8-4446] all outputs are unconnected for this instance and logic may be removed [f:/FPGA2016/DEMO/starfire.srcs/sources_1/bd/design_1/ip/design_1_processing_system7_0_0/hdl/verilog/processing_system7_v5_5_processing_system7.v:2245]
WARNING: [Synth 8-4446] all outputs are unconnected for this instance and logic may be removed [f:/FPGA2016/DEMO/starfire.srcs/sources_1/bd/design_1/ip/design_1_processing_system7_0_0/hdl/verilog/processing_system7_v5_5_processing_system7.v:2250]
WARNING: [Synth 8-4446] all outputs are unconnected for this instance and logic may be removed [f:/FPGA2016/DEMO/starfire.srcs/sources_1/bd/design_1/ip/design_1_processing_system7_0_0/hdl/verilog/processing_system7_v5_5_processing_system7.v:2250]
WARNING: [Synth 8-4446] all outputs are unconnected for this instance and logic may be removed [f:/FPGA2016/DEMO/starfire.srcs/sources_1/bd/design_1/ip/design_1_processing_system7_0_0/hdl/verilog/processing_system7_v5_5_processing_system7.v:2250]
WARNING: [Synth 8-4446] all outputs are unconnected for this instance and logic may be removed [f:/FPGA2016/DEMO/starfire.srcs/sources_1/bd/design_1/ip/design_1_processing_system7_0_0/hdl/verilog/processing_system7_v5_5_processing_system7.v:2250]
WARNING: [Synth 8-4446] all outputs are unconnected for this instance and logic may be removed [f:/FPGA2016/DEMO/starfire.srcs/sources_1/bd/design_1/ip/design_1_processing_system7_0_0/hdl/verilog/processing_system7_v5_5_processing_system7.v:2250]
WARNING: [Synth 8-4446] all outputs are unconnected for this instance and logic may be removed [f:/FPGA2016/DEMO/starfire.srcs/sources_1/bd/design_1/ip/design_1_processing_system7_0_0/hdl/verilog/processing_system7_v5_5_processing_system7.v:2250]
WARNING: [Synth 8-4446] all outputs are unconnected for this instance and logic may be removed [f:/FPGA2016/DEMO/starfire.srcs/sources_1/bd/design_1/ip/design_1_processing_system7_0_0/hdl/verilog/processing_system7_v5_5_processing_system7.v:2250]
WARNING: [Synth 8-4446] all outputs are unconnected for this instance and logic may be removed [f:/FPGA2016/DEMO/starfire.srcs/sources_1/bd/design_1/ip/design_1_processing_system7_0_0/hdl/verilog/processing_system7_v5_5_processing_system7.v:2250]
WARNING: [Synth 8-4446] all outputs are unconnected for this instance and logic may be removed [f:/FPGA2016/DEMO/starfire.srcs/sources_1/bd/design_1/ip/design_1_processing_system7_0_0/hdl/verilog/processing_system7_v5_5_processing_system7.v:2250]
WARNING: [Synth 8-4446] all outputs are unconnected for this instance and logic may be removed [f:/FPGA2016/DEMO/starfire.srcs/sources_1/bd/design_1/ip/design_1_processing_system7_0_0/hdl/verilog/processing_system7_v5_5_processing_system7.v:2250]
WARNING: [Synth 8-4446] all outputs are unconnected for this instance and logic may be removed [f:/FPGA2016/DEMO/starfire.srcs/sources_1/bd/design_1/ip/design_1_processing_system7_0_0/hdl/verilog/processing_system7_v5_5_processing_system7.v:2250]
WARNING: [Synth 8-4446] all outputs are unconnected for this instance and logic may be removed [f:/FPGA2016/DEMO/starfire.srcs/sources_1/bd/design_1/ip/design_1_processing_system7_0_0/hdl/verilog/processing_system7_v5_5_processing_system7.v:2250]
WARNING: [Synth 8-4446] all outputs are unconnected for this instance and logic may be removed [f:/FPGA2016/DEMO/starfire.srcs/sources_1/bd/design_1/ip/design_1_processing_system7_0_0/hdl/verilog/processing_system7_v5_5_processing_system7.v:2250]
WARNING: [Synth 8-4446] all outputs are unconnected for this instance and logic may be removed [f:/FPGA2016/DEMO/starfire.srcs/sources_1/bd/design_1/ip/design_1_processing_system7_0_0/hdl/verilog/processing_system7_v5_5_processing_system7.v:2250]
WARNING: [Synth 8-4446] all outputs are unconnected for this instance and logic may be removed [f:/FPGA2016/DEMO/starfire.srcs/sources_1/bd/design_1/ip/design_1_processing_system7_0_0/hdl/verilog/processing_system7_v5_5_processing_system7.v:2250]
WARNING: [Synth 8-4446] all outputs are unconnected for this instance and logic may be removed [f:/FPGA2016/DEMO/starfire.srcs/sources_1/bd/design_1/ip/design_1_processing_system7_0_0/hdl/verilog/processing_system7_v5_5_processing_system7.v:2250]
WARNING: [Synth 8-4446] all outputs are unconnected for this instance and logic may be removed [f:/FPGA2016/DEMO/starfire.srcs/sources_1/bd/design_1/ip/design_1_processing_system7_0_0/hdl/verilog/processing_system7_v5_5_processing_system7.v:2250]
WARNING: [Synth 8-4446] all outputs are unconnected for this instance and logic may be removed [f:/FPGA2016/DEMO/starfire.srcs/sources_1/bd/design_1/ip/design_1_processing_system7_0_0/hdl/verilog/processing_system7_v5_5_processing_system7.v:2250]
WARNING: [Synth 8-4446] all outputs are unconnected for this instance and logic may be removed [f:/FPGA2016/DEMO/starfire.srcs/sources_1/bd/design_1/ip/design_1_processing_system7_0_0/hdl/verilog/processing_system7_v5_5_processing_system7.v:2250]
WARNING: [Synth 8-4446] all outputs are unconnected for this instance and logic may be removed [f:/FPGA2016/DEMO/starfire.srcs/sources_1/bd/design_1/ip/design_1_processing_system7_0_0/hdl/verilog/processing_system7_v5_5_processing_system7.v:2250]
WARNING: [Synth 8-4446] all outputs are unconnected for this instance and logic may be removed [f:/FPGA2016/DEMO/starfire.srcs/sources_1/bd/design_1/ip/design_1_processing_system7_0_0/hdl/verilog/processing_system7_v5_5_processing_system7.v:2250]
WARNING: [Synth 8-4446] all outputs are unconnected for this instance and logic may be removed [f:/FPGA2016/DEMO/starfire.srcs/sources_1/bd/design_1/ip/design_1_processing_system7_0_0/hdl/verilog/processing_system7_v5_5_processing_system7.v:2250]
WARNING: [Synth 8-4446] all outputs are unconnected for this instance and logic may be removed [f:/FPGA2016/DEMO/starfire.srcs/sources_1/bd/design_1/ip/design_1_processing_system7_0_0/hdl/verilog/processing_system7_v5_5_processing_system7.v:2250]
WARNING: [Synth 8-4446] all outputs are unconnected for this instance and logic may be removed [f:/FPGA2016/DEMO/starfire.srcs/sources_1/bd/design_1/ip/design_1_processing_system7_0_0/hdl/verilog/processing_system7_v5_5_processing_system7.v:2250]
WARNING: [Synth 8-4446] all outputs are unconnected for this instance and logic may be removed [f:/FPGA2016/DEMO/starfire.srcs/sources_1/bd/design_1/ip/design_1_processing_system7_0_0/hdl/verilog/processing_system7_v5_5_processing_system7.v:2250]
WARNING: [Synth 8-4446] all outputs are unconnected for this instance and logic may be removed [f:/FPGA2016/DEMO/starfire.srcs/sources_1/bd/design_1/ip/design_1_processing_system7_0_0/hdl/verilog/processing_system7_v5_5_processing_system7.v:2250]
WARNING: [Synth 8-4446] all outputs are unconnected for this instance and logic may be removed [f:/FPGA2016/DEMO/starfire.srcs/sources_1/bd/design_1/ip/design_1_processing_system7_0_0/hdl/verilog/processing_system7_v5_5_processing_system7.v:2250]
WARNING: [Synth 8-4446] all outputs are unconnected for this instance and logic may be removed [f:/FPGA2016/DEMO/starfire.srcs/sources_1/bd/design_1/ip/design_1_processing_system7_0_0/hdl/verilog/processing_system7_v5_5_processing_system7.v:2250]
WARNING: [Synth 8-4446] all outputs are unconnected for this instance and logic may be removed [f:/FPGA2016/DEMO/starfire.srcs/sources_1/bd/design_1/ip/design_1_processing_system7_0_0/hdl/verilog/processing_system7_v5_5_processing_system7.v:2250]
WARNING: [Synth 8-4446] all outputs are unconnected for this instance and logic may be removed [f:/FPGA2016/DEMO/starfire.srcs/sources_1/bd/design_1/ip/design_1_processing_system7_0_0/hdl/verilog/processing_system7_v5_5_processing_system7.v:2250]
WARNING: [Synth 8-4446] all outputs are unconnected for this instance and logic may be removed [f:/FPGA2016/DEMO/starfire.srcs/sources_1/bd/design_1/ip/design_1_processing_system7_0_0/hdl/verilog/processing_system7_v5_5_processing_system7.v:2250]
WARNING: [Synth 8-4446] all outputs are unconnected for this instance and logic may be removed [f:/FPGA2016/DEMO/starfire.srcs/sources_1/bd/design_1/ip/design_1_processing_system7_0_0/hdl/verilog/processing_system7_v5_5_processing_system7.v:2250]
WARNING: [Synth 8-4446] all outputs are unconnected for this instance and logic may be removed [f:/FPGA2016/DEMO/starfire.srcs/sources_1/bd/design_1/ip/design_1_processing_system7_0_0/hdl/verilog/processing_system7_v5_5_processing_system7.v:2250]
WARNING: [Synth 8-4446] all outputs are unconnected for this instance and logic may be removed [f:/FPGA2016/DEMO/starfire.srcs/sources_1/bd/design_1/ip/design_1_processing_system7_0_0/hdl/verilog/processing_system7_v5_5_processing_system7.v:2250]
WARNING: [Synth 8-4446] all outputs are unconnected for this instance and logic may be removed [f:/FPGA2016/DEMO/starfire.srcs/sources_1/bd/design_1/ip/design_1_processing_system7_0_0/hdl/verilog/processing_system7_v5_5_processing_system7.v:2250]
WARNING: [Synth 8-4446] all outputs are unconnected for this instance and logic may be removed [f:/FPGA2016/DEMO/starfire.srcs/sources_1/bd/design_1/ip/design_1_processing_system7_0_0/hdl/verilog/processing_system7_v5_5_processing_system7.v:2250]
WARNING: [Synth 8-4446] all outputs are unconnected for this instance and logic may be removed [f:/FPGA2016/DEMO/starfire.srcs/sources_1/bd/design_1/ip/design_1_processing_system7_0_0/hdl/verilog/processing_system7_v5_5_processing_system7.v:2250]
WARNING: [Synth 8-4446] all outputs are unconnected for this instance and logic may be removed [f:/FPGA2016/DEMO/starfire.srcs/sources_1/bd/design_1/ip/design_1_processing_system7_0_0/hdl/verilog/processing_system7_v5_5_processing_system7.v:2250]
WARNING: [Synth 8-4446] all outputs are unconnected for this instance and logic may be removed [f:/FPGA2016/DEMO/starfire.srcs/sources_1/bd/design_1/ip/design_1_processing_system7_0_0/hdl/verilog/processing_system7_v5_5_processing_system7.v:2250]
WARNING: [Synth 8-4446] all outputs are unconnected for this instance and logic may be removed [f:/FPGA2016/DEMO/starfire.srcs/sources_1/bd/design_1/ip/design_1_processing_system7_0_0/hdl/verilog/processing_system7_v5_5_processing_system7.v:2250]
WARNING: [Synth 8-4446] all outputs are unconnected for this instance and logic may be removed [f:/FPGA2016/DEMO/starfire.srcs/sources_1/bd/design_1/ip/design_1_processing_system7_0_0/hdl/verilog/processing_system7_v5_5_processing_system7.v:2250]
WARNING: [Synth 8-4446] all outputs are unconnected for this instance and logic may be removed [f:/FPGA2016/DEMO/starfire.srcs/sources_1/bd/design_1/ip/design_1_processing_system7_0_0/hdl/verilog/processing_system7_v5_5_processing_system7.v:2250]
WARNING: [Synth 8-4446] all outputs are unconnected for this instance and logic may be removed [f:/FPGA2016/DEMO/starfire.srcs/sources_1/bd/design_1/ip/design_1_processing_system7_0_0/hdl/verilog/processing_system7_v5_5_processing_system7.v:2250]
WARNING: [Synth 8-4446] all outputs are unconnected for this instance and logic may be removed [f:/FPGA2016/DEMO/starfire.srcs/sources_1/bd/design_1/ip/design_1_processing_system7_0_0/hdl/verilog/processing_system7_v5_5_processing_system7.v:2250]
WARNING: [Synth 8-4446] all outputs are unconnected for this instance and logic may be removed [f:/FPGA2016/DEMO/starfire.srcs/sources_1/bd/design_1/ip/design_1_processing_system7_0_0/hdl/verilog/processing_system7_v5_5_processing_system7.v:2250]
WARNING: [Synth 8-4446] all outputs are unconnected for this instance and logic may be removed [f:/FPGA2016/DEMO/starfire.srcs/sources_1/bd/design_1/ip/design_1_processing_system7_0_0/hdl/verilog/processing_system7_v5_5_processing_system7.v:2250]
WARNING: [Synth 8-4446] all outputs are unconnected for this instance and logic may be removed [f:/FPGA2016/DEMO/starfire.srcs/sources_1/bd/design_1/ip/design_1_processing_system7_0_0/hdl/verilog/processing_system7_v5_5_processing_system7.v:2250]
WARNING: [Synth 8-4446] all outputs are unconnected for this instance and logic may be removed [f:/FPGA2016/DEMO/starfire.srcs/sources_1/bd/design_1/ip/design_1_processing_system7_0_0/hdl/verilog/processing_system7_v5_5_processing_system7.v:2250]
WARNING: [Synth 8-4446] all outputs are unconnected for this instance and logic may be removed [f:/FPGA2016/DEMO/starfire.srcs/sources_1/bd/design_1/ip/design_1_processing_system7_0_0/hdl/verilog/processing_system7_v5_5_processing_system7.v:2250]
WARNING: [Synth 8-4446] all outputs are unconnected for this instance and logic may be removed [f:/FPGA2016/DEMO/starfire.srcs/sources_1/bd/design_1/ip/design_1_processing_system7_0_0/hdl/verilog/processing_system7_v5_5_processing_system7.v:2250]
WARNING: [Synth 8-4446] all outputs are unconnected for this instance and logic may be removed [f:/FPGA2016/DEMO/starfire.srcs/sources_1/bd/design_1/ip/design_1_processing_system7_0_0/hdl/verilog/processing_system7_v5_5_processing_system7.v:2250]
WARNING: [Synth 8-4446] all outputs are unconnected for this instance and logic may be removed [f:/FPGA2016/DEMO/starfire.srcs/sources_1/bd/design_1/ip/design_1_processing_system7_0_0/hdl/verilog/processing_system7_v5_5_processing_system7.v:2250]
WARNING: [Synth 8-4446] all outputs are unconnected for this instance and logic may be removed [f:/FPGA2016/DEMO/starfire.srcs/sources_1/bd/design_1/ip/design_1_processing_system7_0_0/hdl/verilog/processing_system7_v5_5_processing_system7.v:2250]
WARNING: [Synth 8-4446] all outputs are unconnected for this instance and logic may be removed [f:/FPGA2016/DEMO/starfire.srcs/sources_1/bd/design_1/ip/design_1_processing_system7_0_0/hdl/verilog/processing_system7_v5_5_processing_system7.v:2250]
WARNING: [Synth 8-4446] all outputs are unconnected for this instance and logic may be removed [f:/FPGA2016/DEMO/starfire.srcs/sources_1/bd/design_1/ip/design_1_processing_system7_0_0/hdl/verilog/processing_system7_v5_5_processing_system7.v:2256]
WARNING: [Synth 8-4446] all outputs are unconnected for this instance and logic may be removed [f:/FPGA2016/DEMO/starfire.srcs/sources_1/bd/design_1/ip/design_1_processing_system7_0_0/hdl/verilog/processing_system7_v5_5_processing_system7.v:2256]
WARNING: [Synth 8-4446] all outputs are unconnected for this instance and logic may be removed [f:/FPGA2016/DEMO/starfire.srcs/sources_1/bd/design_1/ip/design_1_processing_system7_0_0/hdl/verilog/processing_system7_v5_5_processing_system7.v:2256]
WARNING: [Synth 8-4446] all outputs are unconnected for this instance and logic may be removed [f:/FPGA2016/DEMO/starfire.srcs/sources_1/bd/design_1/ip/design_1_processing_system7_0_0/hdl/verilog/processing_system7_v5_5_processing_system7.v:2262]
WARNING: [Synth 8-4446] all outputs are unconnected for this instance and logic may be removed [f:/FPGA2016/DEMO/starfire.srcs/sources_1/bd/design_1/ip/design_1_processing_system7_0_0/hdl/verilog/processing_system7_v5_5_processing_system7.v:2262]
WARNING: [Synth 8-4446] all outputs are unconnected for this instance and logic may be removed [f:/FPGA2016/DEMO/starfire.srcs/sources_1/bd/design_1/ip/design_1_processing_system7_0_0/hdl/verilog/processing_system7_v5_5_processing_system7.v:2262]
WARNING: [Synth 8-4446] all outputs are unconnected for this instance and logic may be removed [f:/FPGA2016/DEMO/starfire.srcs/sources_1/bd/design_1/ip/design_1_processing_system7_0_0/hdl/verilog/processing_system7_v5_5_processing_system7.v:2262]
WARNING: [Synth 8-4446] all outputs are unconnected for this instance and logic may be removed [f:/FPGA2016/DEMO/starfire.srcs/sources_1/bd/design_1/ip/design_1_processing_system7_0_0/hdl/verilog/processing_system7_v5_5_processing_system7.v:2262]
WARNING: [Synth 8-4446] all outputs are unconnected for this instance and logic may be removed [f:/FPGA2016/DEMO/starfire.srcs/sources_1/bd/design_1/ip/design_1_processing_system7_0_0/hdl/verilog/processing_system7_v5_5_processing_system7.v:2262]
WARNING: [Synth 8-4446] all outputs are unconnected for this instance and logic may be removed [f:/FPGA2016/DEMO/starfire.srcs/sources_1/bd/design_1/ip/design_1_processing_system7_0_0/hdl/verilog/processing_system7_v5_5_processing_system7.v:2262]
WARNING: [Synth 8-4446] all outputs are unconnected for this instance and logic may be removed [f:/FPGA2016/DEMO/starfire.srcs/sources_1/bd/design_1/ip/design_1_processing_system7_0_0/hdl/verilog/processing_system7_v5_5_processing_system7.v:2262]
WARNING: [Synth 8-4446] all outputs are unconnected for this instance and logic may be removed [f:/FPGA2016/DEMO/starfire.srcs/sources_1/bd/design_1/ip/design_1_processing_system7_0_0/hdl/verilog/processing_system7_v5_5_processing_system7.v:2262]
WARNING: [Synth 8-4446] all outputs are unconnected for this instance and logic may be removed [f:/FPGA2016/DEMO/starfire.srcs/sources_1/bd/design_1/ip/design_1_processing_system7_0_0/hdl/verilog/processing_system7_v5_5_processing_system7.v:2262]
WARNING: [Synth 8-4446] all outputs are unconnected for this instance and logic may be removed [f:/FPGA2016/DEMO/starfire.srcs/sources_1/bd/design_1/ip/design_1_processing_system7_0_0/hdl/verilog/processing_system7_v5_5_processing_system7.v:2262]
WARNING: [Synth 8-4446] all outputs are unconnected for this instance and logic may be removed [f:/FPGA2016/DEMO/starfire.srcs/sources_1/bd/design_1/ip/design_1_processing_system7_0_0/hdl/verilog/processing_system7_v5_5_processing_system7.v:2262]
WARNING: [Synth 8-4446] all outputs are unconnected for this instance and logic may be removed [f:/FPGA2016/DEMO/starfire.srcs/sources_1/bd/design_1/ip/design_1_processing_system7_0_0/hdl/verilog/processing_system7_v5_5_processing_system7.v:2262]
WARNING: [Synth 8-4446] all outputs are unconnected for this instance and logic may be removed [f:/FPGA2016/DEMO/starfire.srcs/sources_1/bd/design_1/ip/design_1_processing_system7_0_0/hdl/verilog/processing_system7_v5_5_processing_system7.v:2262]
WARNING: [Synth 8-4446] all outputs are unconnected for this instance and logic may be removed [f:/FPGA2016/DEMO/starfire.srcs/sources_1/bd/design_1/ip/design_1_processing_system7_0_0/hdl/verilog/processing_system7_v5_5_processing_system7.v:2262]
WARNING: [Synth 8-4446] all outputs are unconnected for this instance and logic may be removed [f:/FPGA2016/DEMO/starfire.srcs/sources_1/bd/design_1/ip/design_1_processing_system7_0_0/hdl/verilog/processing_system7_v5_5_processing_system7.v:2268]
WARNING: [Synth 8-4446] all outputs are unconnected for this instance and logic may be removed [f:/FPGA2016/DEMO/starfire.srcs/sources_1/bd/design_1/ip/design_1_processing_system7_0_0/hdl/verilog/processing_system7_v5_5_processing_system7.v:2268]
WARNING: [Synth 8-4446] all outputs are unconnected for this instance and logic may be removed [f:/FPGA2016/DEMO/starfire.srcs/sources_1/bd/design_1/ip/design_1_processing_system7_0_0/hdl/verilog/processing_system7_v5_5_processing_system7.v:2268]
WARNING: [Synth 8-4446] all outputs are unconnected for this instance and logic may be removed [f:/FPGA2016/DEMO/starfire.srcs/sources_1/bd/design_1/ip/design_1_processing_system7_0_0/hdl/verilog/processing_system7_v5_5_processing_system7.v:2268]
WARNING: [Synth 8-4446] all outputs are unconnected for this instance and logic may be removed [f:/FPGA2016/DEMO/starfire.srcs/sources_1/bd/design_1/ip/design_1_processing_system7_0_0/hdl/verilog/processing_system7_v5_5_processing_system7.v:2274]
WARNING: [Synth 8-4446] all outputs are unconnected for this instance and logic may be removed [f:/FPGA2016/DEMO/starfire.srcs/sources_1/bd/design_1/ip/design_1_processing_system7_0_0/hdl/verilog/processing_system7_v5_5_processing_system7.v:2274]
WARNING: [Synth 8-4446] all outputs are unconnected for this instance and logic may be removed [f:/FPGA2016/DEMO/starfire.srcs/sources_1/bd/design_1/ip/design_1_processing_system7_0_0/hdl/verilog/processing_system7_v5_5_processing_system7.v:2274]
WARNING: [Synth 8-4446] all outputs are unconnected for this instance and logic may be removed [f:/FPGA2016/DEMO/starfire.srcs/sources_1/bd/design_1/ip/design_1_processing_system7_0_0/hdl/verilog/processing_system7_v5_5_processing_system7.v:2274]
WARNING: [Synth 8-4446] all outputs are unconnected for this instance and logic may be removed [f:/FPGA2016/DEMO/starfire.srcs/sources_1/bd/design_1/ip/design_1_processing_system7_0_0/hdl/verilog/processing_system7_v5_5_processing_system7.v:2274]
WARNING: [Synth 8-4446] all outputs are unconnected for this instance and logic may be removed [f:/FPGA2016/DEMO/starfire.srcs/sources_1/bd/design_1/ip/design_1_processing_system7_0_0/hdl/verilog/processing_system7_v5_5_processing_system7.v:2274]
WARNING: [Synth 8-4446] all outputs are unconnected for this instance and logic may be removed [f:/FPGA2016/DEMO/starfire.srcs/sources_1/bd/design_1/ip/design_1_processing_system7_0_0/hdl/verilog/processing_system7_v5_5_processing_system7.v:2274]
WARNING: [Synth 8-4446] all outputs are unconnected for this instance and logic may be removed [f:/FPGA2016/DEMO/starfire.srcs/sources_1/bd/design_1/ip/design_1_processing_system7_0_0/hdl/verilog/processing_system7_v5_5_processing_system7.v:2274]
WARNING: [Synth 8-4446] all outputs are unconnected for this instance and logic may be removed [f:/FPGA2016/DEMO/starfire.srcs/sources_1/bd/design_1/ip/design_1_processing_system7_0_0/hdl/verilog/processing_system7_v5_5_processing_system7.v:2274]
WARNING: [Synth 8-4446] all outputs are unconnected for this instance and logic may be removed [f:/FPGA2016/DEMO/starfire.srcs/sources_1/bd/design_1/ip/design_1_processing_system7_0_0/hdl/verilog/processing_system7_v5_5_processing_system7.v:2274]
INFO: [Common 17-14] Message 'Synth 8-4446' appears 100 times and further instances of the messages will be disabled. Use the Tcl command set_msg_config to change the current settings.
INFO: [Synth 8-638] synthesizing module 'PS7' [C:/Xilinx/Vivado/2014.4/scripts/rt/data/unisim_comp.v:26452]
INFO: [Synth 8-256] done synthesizing module 'PS7' (3#1) [C:/Xilinx/Vivado/2014.4/scripts/rt/data/unisim_comp.v:26452]
WARNING: [Synth 8-3848] Net ENET0_GMII_TX_EN in module/entity processing_system7_v5_5_processing_system7 does not have driver. [f:/FPGA2016/DEMO/starfire.srcs/sources_1/bd/design_1/ip/design_1_processing_system7_0_0/hdl/verilog/processing_system7_v5_5_processing_system7.v:215]
WARNING: [Synth 8-3848] Net ENET0_GMII_TX_ER in module/entity processing_system7_v5_5_processing_system7 does not have driver. [f:/FPGA2016/DEMO/starfire.srcs/sources_1/bd/design_1/ip/design_1_processing_system7_0_0/hdl/verilog/processing_system7_v5_5_processing_system7.v:216]
WARNING: [Synth 8-3848] Net ENET0_GMII_TXD in module/entity processing_system7_v5_5_processing_system7 does not have driver. [f:/FPGA2016/DEMO/starfire.srcs/sources_1/bd/design_1/ip/design_1_processing_system7_0_0/hdl/verilog/processing_system7_v5_5_processing_system7.v:232]
WARNING: [Synth 8-3848] Net ENET1_GMII_TX_EN in module/entity processing_system7_v5_5_processing_system7 does not have driver. [f:/FPGA2016/DEMO/starfire.srcs/sources_1/bd/design_1/ip/design_1_processing_system7_0_0/hdl/verilog/processing_system7_v5_5_processing_system7.v:246]
WARNING: [Synth 8-3848] Net ENET1_GMII_TX_ER in module/entity processing_system7_v5_5_processing_system7 does not have driver. [f:/FPGA2016/DEMO/starfire.srcs/sources_1/bd/design_1/ip/design_1_processing_system7_0_0/hdl/verilog/processing_system7_v5_5_processing_system7.v:247]
WARNING: [Synth 8-3848] Net ENET1_GMII_TXD in module/entity processing_system7_v5_5_processing_system7 does not have driver. [f:/FPGA2016/DEMO/starfire.srcs/sources_1/bd/design_1/ip/design_1_processing_system7_0_0/hdl/verilog/processing_system7_v5_5_processing_system7.v:261]
WARNING: [Synth 8-3848] Net PJTAG_TDO in module/entity processing_system7_v5_5_processing_system7 does not have driver. [f:/FPGA2016/DEMO/starfire.srcs/sources_1/bd/design_1/ip/design_1_processing_system7_0_0/hdl/verilog/processing_system7_v5_5_processing_system7.v:298]
WARNING: [Synth 8-3848] Net TRACE_CTL_PIPE[0] in module/entity processing_system7_v5_5_processing_system7 does not have driver. [f:/FPGA2016/DEMO/starfire.srcs/sources_1/bd/design_1/ip/design_1_processing_system7_0_0/hdl/verilog/processing_system7_v5_5_processing_system7.v:1304]
WARNING: [Synth 8-3848] Net TRACE_DATA_PIPE[0] in module/entity processing_system7_v5_5_processing_system7 does not have driver. [f:/FPGA2016/DEMO/starfire.srcs/sources_1/bd/design_1/ip/design_1_processing_system7_0_0/hdl/verilog/processing_system7_v5_5_processing_system7.v:1305]
WARNING: [Synth 8-3848] Net TRACE_CLK_OUT in module/entity processing_system7_v5_5_processing_system7 does not have driver. [f:/FPGA2016/DEMO/starfire.srcs/sources_1/bd/design_1/ip/design_1_processing_system7_0_0/hdl/verilog/processing_system7_v5_5_processing_system7.v:407]
WARNING: [Synth 8-3848] Net ENET0_GMII_COL_i in module/entity processing_system7_v5_5_processing_system7 does not have driver. [f:/FPGA2016/DEMO/starfire.srcs/sources_1/bd/design_1/ip/design_1_processing_system7_0_0/hdl/verilog/processing_system7_v5_5_processing_system7.v:1050]
WARNING: [Synth 8-3848] Net ENET0_GMII_CRS_i in module/entity processing_system7_v5_5_processing_system7 does not have driver. [f:/FPGA2016/DEMO/starfire.srcs/sources_1/bd/design_1/ip/design_1_processing_system7_0_0/hdl/verilog/processing_system7_v5_5_processing_system7.v:1051]
WARNING: [Synth 8-3848] Net ENET0_GMII_RXD_i in module/entity processing_system7_v5_5_processing_system7 does not have driver. [f:/FPGA2016/DEMO/starfire.srcs/sources_1/bd/design_1/ip/design_1_processing_system7_0_0/hdl/verilog/processing_system7_v5_5_processing_system7.v:1054]
WARNING: [Synth 8-3848] Net ENET0_GMII_RX_DV_i in module/entity processing_system7_v5_5_processing_system7 does not have driver. [f:/FPGA2016/DEMO/starfire.srcs/sources_1/bd/design_1/ip/design_1_processing_system7_0_0/hdl/verilog/processing_system7_v5_5_processing_system7.v:1052]
WARNING: [Synth 8-3848] Net ENET0_GMII_RX_ER_i in module/entity processing_system7_v5_5_processing_system7 does not have driver. [f:/FPGA2016/DEMO/starfire.srcs/sources_1/bd/design_1/ip/design_1_processing_system7_0_0/hdl/verilog/processing_system7_v5_5_processing_system7.v:1053]
WARNING: [Synth 8-3848] Net ENET1_GMII_COL_i in module/entity processing_system7_v5_5_processing_system7 does not have driver. [f:/FPGA2016/DEMO/starfire.srcs/sources_1/bd/design_1/ip/design_1_processing_system7_0_0/hdl/verilog/processing_system7_v5_5_processing_system7.v:1059]
WARNING: [Synth 8-3848] Net ENET1_GMII_CRS_i in module/entity processing_system7_v5_5_processing_system7 does not have driver. [f:/FPGA2016/DEMO/starfire.srcs/sources_1/bd/design_1/ip/design_1_processing_system7_0_0/hdl/verilog/processing_system7_v5_5_processing_system7.v:1060]
WARNING: [Synth 8-3848] Net ENET1_GMII_RXD_i in module/entity processing_system7_v5_5_processing_system7 does not have driver. [f:/FPGA2016/DEMO/starfire.srcs/sources_1/bd/design_1/ip/design_1_processing_system7_0_0/hdl/verilog/processing_system7_v5_5_processing_system7.v:1063]
WARNING: [Synth 8-3848] Net ENET1_GMII_RX_DV_i in module/entity processing_system7_v5_5_processing_system7 does not have driver. [f:/FPGA2016/DEMO/starfire.srcs/sources_1/bd/design_1/ip/design_1_processing_system7_0_0/hdl/verilog/processing_system7_v5_5_processing_system7.v:1061]
WARNING: [Synth 8-3848] Net ENET1_GMII_RX_ER_i in module/entity processing_system7_v5_5_processing_system7 does not have driver. [f:/FPGA2016/DEMO/starfire.srcs/sources_1/bd/design_1/ip/design_1_processing_system7_0_0/hdl/verilog/processing_system7_v5_5_processing_system7.v:1062]
WARNING: [Synth 8-3848] Net FTMD_TRACEIN_ATID_i in module/entity processing_system7_v5_5_processing_system7 does not have driver. [f:/FPGA2016/DEMO/starfire.srcs/sources_1/bd/design_1/ip/design_1_processing_system7_0_0/hdl/verilog/processing_system7_v5_5_processing_system7.v:1072]
WARNING: [Synth 8-3848] Net FTMD_TRACEIN_DATA_i in module/entity processing_system7_v5_5_processing_system7 does not have driver. [f:/FPGA2016/DEMO/starfire.srcs/sources_1/bd/design_1/ip/design_1_processing_system7_0_0/hdl/verilog/processing_system7_v5_5_processing_system7.v:1070]
WARNING: [Synth 8-3848] Net FTMD_TRACEIN_VALID_i in module/entity processing_system7_v5_5_processing_system7 does not have driver. [f:/FPGA2016/DEMO/starfire.srcs/sources_1/bd/design_1/ip/design_1_processing_system7_0_0/hdl/verilog/processing_system7_v5_5_processing_system7.v:1071]
INFO: [Synth 8-256] done synthesizing module 'processing_system7_v5_5_processing_system7' (4#1) [f:/FPGA2016/DEMO/starfire.srcs/sources_1/bd/design_1/ip/design_1_processing_system7_0_0/hdl/verilog/processing_system7_v5_5_processing_system7.v:154]
WARNING: [Synth 8-350] instance 'inst' of module 'processing_system7_v5_5_processing_system7' requires 685 connections, but only 672 given [f:/FPGA2016/DEMO/starfire.srcs/sources_1/bd/design_1/ip/design_1_processing_system7_0_0/synth/design_1_processing_system7_0_0.v:358]
INFO: [Synth 8-256] done synthesizing module 'design_1_processing_system7_0_0' (5#1) [f:/FPGA2016/DEMO/starfire.srcs/sources_1/bd/design_1/ip/design_1_processing_system7_0_0/synth/design_1_processing_system7_0_0.v:57]
INFO: [Synth 8-638] synthesizing module 'design_1_processing_system7_0_axi_periph_0' [F:/FPGA2016/DEMO/starfire.srcs/sources_1/bd/design_1/hdl/design_1.vhd:307]
INFO: [Synth 8-638] synthesizing module 's00_couplers_imp_1CFO1MB' [F:/FPGA2016/DEMO/starfire.srcs/sources_1/bd/design_1/hdl/design_1.vhd:99]
INFO: [Synth 8-256] done synthesizing module 's00_couplers_imp_1CFO1MB' (6#1) [F:/FPGA2016/DEMO/starfire.srcs/sources_1/bd/design_1/hdl/design_1.vhd:99]
INFO: [Synth 8-256] done synthesizing module 'design_1_processing_system7_0_axi_periph_0' (7#1) [F:/FPGA2016/DEMO/starfire.srcs/sources_1/bd/design_1/hdl/design_1.vhd:307]
INFO: [Synth 8-3491] module 'design_1_rst_processing_system7_0_50M_0' declared at 'f:/FPGA2016/DEMO/starfire.srcs/sources_1/bd/design_1/ip/design_1_rst_processing_system7_0_50M_0/synth/design_1_rst_processing_system7_0_50M_0.vhd:59' bound to instance 'rst_processing_system7_0_50M' of component 'design_1_rst_processing_system7_0_50M_0' [F:/FPGA2016/DEMO/starfire.srcs/sources_1/bd/design_1/hdl/design_1.vhd:1056]
INFO: [Synth 8-638] synthesizing module 'design_1_rst_processing_system7_0_50M_0' [f:/FPGA2016/DEMO/starfire.srcs/sources_1/bd/design_1/ip/design_1_rst_processing_system7_0_50M_0/synth/design_1_rst_processing_system7_0_50M_0.vhd:74]
	Parameter C_FAMILY bound to: zynq - type: string 
	Parameter C_EXT_RST_WIDTH bound to: 4 - type: integer 
	Parameter C_AUX_RST_WIDTH bound to: 4 - type: integer 
	Parameter C_EXT_RESET_HIGH bound to: 1'b0 
	Parameter C_AUX_RESET_HIGH bound to: 1'b0 
	Parameter C_NUM_BUS_RST bound to: 1 - type: integer 
	Parameter C_NUM_PERP_RST bound to: 1 - type: integer 
	Parameter C_NUM_INTERCONNECT_ARESETN bound to: 1 - type: integer 
	Parameter C_NUM_PERP_ARESETN bound to: 1 - type: integer 
INFO: [Synth 8-3491] module 'proc_sys_reset' declared at 'f:/FPGA2016/DEMO/starfire.srcs/sources_1/ipshared/xilinx.com/proc_sys_reset_v5_0/7820e39a/hdl/src/vhdl/proc_sys_reset.vhd:140' bound to instance 'U0' of component 'proc_sys_reset' [f:/FPGA2016/DEMO/starfire.srcs/sources_1/bd/design_1/ip/design_1_rst_processing_system7_0_50M_0/synth/design_1_rst_processing_system7_0_50M_0.vhd:120]
INFO: [Synth 8-638] synthesizing module 'proc_sys_reset__parameterized0' [f:/FPGA2016/DEMO/starfire.srcs/sources_1/ipshared/xilinx.com/proc_sys_reset_v5_0/7820e39a/hdl/src/vhdl/proc_sys_reset.vhd:199]
	Parameter C_FAMILY bound to: zynq - type: string 
	Parameter C_EXT_RST_WIDTH bound to: 4 - type: integer 
	Parameter C_AUX_RST_WIDTH bound to: 4 - type: integer 
	Parameter C_EXT_RESET_HIGH bound to: 1'b0 
	Parameter C_AUX_RESET_HIGH bound to: 1'b0 
	Parameter C_NUM_BUS_RST bound to: 1 - type: integer 
	Parameter C_NUM_PERP_RST bound to: 1 - type: integer 
	Parameter C_NUM_INTERCONNECT_ARESETN bound to: 1 - type: integer 
	Parameter C_NUM_PERP_ARESETN bound to: 1 - type: integer 
INFO: [Synth 8-638] synthesizing module 'lpf' [f:/FPGA2016/DEMO/starfire.srcs/sources_1/ipshared/xilinx.com/proc_sys_reset_v5_0/7820e39a/hdl/src/vhdl/lpf.vhd:138]
	Parameter C_EXT_RST_WIDTH bound to: 4 - type: integer 
	Parameter C_AUX_RST_WIDTH bound to: 4 - type: integer 
	Parameter C_EXT_RESET_HIGH bound to: 1'b0 
	Parameter C_AUX_RESET_HIGH bound to: 1'b0 
INFO: [Synth 8-3491] module 'SRL16' declared at 'C:/Xilinx/Vivado/2014.4/scripts/rt/data/unisim_comp.v:34504' bound to instance 'POR_SRL_I' of component 'SRL16' [f:/FPGA2016/DEMO/starfire.srcs/sources_1/ipshared/xilinx.com/proc_sys_reset_v5_0/7820e39a/hdl/src/vhdl/lpf.vhd:190]
INFO: [Synth 8-638] synthesizing module 'SRL16' [C:/Xilinx/Vivado/2014.4/scripts/rt/data/unisim_comp.v:34504]
	Parameter INIT bound to: 16'b0000000000000000 
INFO: [Synth 8-256] done synthesizing module 'SRL16' (8#1) [C:/Xilinx/Vivado/2014.4/scripts/rt/data/unisim_comp.v:34504]
INFO: [Synth 8-638] synthesizing module 'cdc_sync' [f:/FPGA2016/DEMO/starfire.srcs/sources_1/ipshared/xilinx.com/lib_cdc_v1_0/d3fab4a1/hdl/src/vhdl/cdc_sync.vhd:106]
	Parameter C_CDC_TYPE bound to: 1 - type: integer 
	Parameter C_RESET_STATE bound to: 0 - type: integer 
	Parameter C_SINGLE_BIT bound to: 1 - type: integer 
	Parameter C_FLOP_INPUT bound to: 0 - type: integer 
	Parameter C_VECTOR_WIDTH bound to: 2 - type: integer 
	Parameter C_MTBF_STAGES bound to: 4 - type: integer 
	Parameter INIT bound to: 1'b0 
INFO: [Synth 8-113] binding component instance 'CROSS_PLEVEL_IN2SCNDRY_IN_cdc_to' to cell 'FDR' [f:/FPGA2016/DEMO/starfire.srcs/sources_1/ipshared/xilinx.com/lib_cdc_v1_0/d3fab4a1/hdl/src/vhdl/cdc_sync.vhd:449]
	Parameter INIT bound to: 1'b0 
INFO: [Synth 8-113] binding component instance 'CROSS_PLEVEL_IN2SCNDRY_s_level_out_d2' to cell 'FDR' [f:/FPGA2016/DEMO/starfire.srcs/sources_1/ipshared/xilinx.com/lib_cdc_v1_0/d3fab4a1/hdl/src/vhdl/cdc_sync.vhd:480]
	Parameter INIT bound to: 1'b0 
INFO: [Synth 8-113] binding component instance 'CROSS_PLEVEL_IN2SCNDRY_s_level_out_d3' to cell 'FDR' [f:/FPGA2016/DEMO/starfire.srcs/sources_1/ipshared/xilinx.com/lib_cdc_v1_0/d3fab4a1/hdl/src/vhdl/cdc_sync.vhd:489]
	Parameter INIT bound to: 1'b0 
INFO: [Synth 8-113] binding component instance 'CROSS_PLEVEL_IN2SCNDRY_s_level_out_d4' to cell 'FDR' [f:/FPGA2016/DEMO/starfire.srcs/sources_1/ipshared/xilinx.com/lib_cdc_v1_0/d3fab4a1/hdl/src/vhdl/cdc_sync.vhd:499]
	Parameter INIT bound to: 1'b0 
INFO: [Synth 8-113] binding component instance 'CROSS_PLEVEL_IN2SCNDRY_s_level_out_d5' to cell 'FDR' [f:/FPGA2016/DEMO/starfire.srcs/sources_1/ipshared/xilinx.com/lib_cdc_v1_0/d3fab4a1/hdl/src/vhdl/cdc_sync.vhd:509]
	Parameter INIT bound to: 1'b0 
INFO: [Synth 8-113] binding component instance 'CROSS_PLEVEL_IN2SCNDRY_s_level_out_d6' to cell 'FDR' [f:/FPGA2016/DEMO/starfire.srcs/sources_1/ipshared/xilinx.com/lib_cdc_v1_0/d3fab4a1/hdl/src/vhdl/cdc_sync.vhd:519]
INFO: [Synth 8-256] done synthesizing module 'cdc_sync' (9#1) [f:/FPGA2016/DEMO/starfire.srcs/sources_1/ipshared/xilinx.com/lib_cdc_v1_0/d3fab4a1/hdl/src/vhdl/cdc_sync.vhd:106]
INFO: [Synth 8-256] done synthesizing module 'lpf' (10#1) [f:/FPGA2016/DEMO/starfire.srcs/sources_1/ipshared/xilinx.com/proc_sys_reset_v5_0/7820e39a/hdl/src/vhdl/lpf.vhd:138]
INFO: [Synth 8-638] synthesizing module 'sequence' [f:/FPGA2016/DEMO/starfire.srcs/sources_1/ipshared/xilinx.com/proc_sys_reset_v5_0/7820e39a/hdl/src/vhdl/sequence.vhd:146]
INFO: [Synth 8-638] synthesizing module 'upcnt_n' [f:/FPGA2016/DEMO/starfire.srcs/sources_1/ipshared/xilinx.com/proc_sys_reset_v5_0/7820e39a/hdl/src/vhdl/upcnt_n.vhd:125]
	Parameter C_SIZE bound to: 6 - type: integer 
INFO: [Synth 8-256] done synthesizing module 'upcnt_n' (11#1) [f:/FPGA2016/DEMO/starfire.srcs/sources_1/ipshared/xilinx.com/proc_sys_reset_v5_0/7820e39a/hdl/src/vhdl/upcnt_n.vhd:125]
INFO: [Synth 8-256] done synthesizing module 'sequence' (12#1) [f:/FPGA2016/DEMO/starfire.srcs/sources_1/ipshared/xilinx.com/proc_sys_reset_v5_0/7820e39a/hdl/src/vhdl/sequence.vhd:146]
INFO: [Synth 8-256] done synthesizing module 'proc_sys_reset__parameterized0' (13#1) [f:/FPGA2016/DEMO/starfire.srcs/sources_1/ipshared/xilinx.com/proc_sys_reset_v5_0/7820e39a/hdl/src/vhdl/proc_sys_reset.vhd:199]
INFO: [Synth 8-256] done synthesizing module 'design_1_rst_processing_system7_0_50M_0' (14#1) [f:/FPGA2016/DEMO/starfire.srcs/sources_1/bd/design_1/ip/design_1_rst_processing_system7_0_50M_0/synth/design_1_rst_processing_system7_0_50M_0.vhd:74]
INFO: [Synth 8-256] done synthesizing module 'design_1' (15#1) [F:/FPGA2016/DEMO/starfire.srcs/sources_1/bd/design_1/hdl/design_1.vhd:591]
INFO: [Synth 8-3491] module 'IOBUF' declared at 'C:/Xilinx/Vivado/2014.4/scripts/rt/data/unisim_comp.v:12928' bound to instance 'iic_1_scl_iobuf' of component 'IOBUF' [F:/FPGA2016/DEMO/starfire.srcs/sources_1/src/starfire_top.vhd:317]
INFO: [Synth 8-638] synthesizing module 'IOBUF' [C:/Xilinx/Vivado/2014.4/scripts/rt/data/unisim_comp.v:12928]
	Parameter IBUF_LOW_PWR bound to: TRUE - type: string 
	Parameter IOSTANDARD bound to: DEFAULT - type: string 
	Parameter SLEW bound to: SLOW - type: string 
	Parameter DRIVE bound to: 12 - type: integer 
INFO: [Synth 8-256] done synthesizing module 'IOBUF' (16#1) [C:/Xilinx/Vivado/2014.4/scripts/rt/data/unisim_comp.v:12928]
INFO: [Synth 8-113] binding component instance 'iic_1_sda_iobuf' to cell 'IOBUF' [F:/FPGA2016/DEMO/starfire.srcs/sources_1/src/starfire_top.vhd:324]
INFO: [Synth 8-256] done synthesizing module 'starfire_top' (17#1) [F:/FPGA2016/DEMO/starfire.srcs/sources_1/src/starfire_top.vhd:35]
---------------------------------------------------------------------------------
Finished RTL Elaboration : Time (s): cpu = 00:00:07 ; elapsed = 00:00:10 . Memory (MB): peak = 316.578 ; gain = 124.953
---------------------------------------------------------------------------------

Report Check Netlist: 
+------+------------------+-------+---------+-------+------------------+
|      |Item              |Errors |Warnings |Status |Description       |
+------+------------------+-------+---------+-------+------------------+
|1     |multi_driven_nets |      0|        0|Passed |Multi driven nets |
+------+------------------+-------+---------+-------+------------------+
---------------------------------------------------------------------------------
Finished RTL Optimization Phase 1 : Time (s): cpu = 00:00:08 ; elapsed = 00:00:10 . Memory (MB): peak = 316.578 ; gain = 124.953
---------------------------------------------------------------------------------
INFO: [Netlist 29-17] Analyzing 15 Unisim elements for replacement
INFO: [Netlist 29-28] Unisim Transformation completed in 0 CPU seconds
Loading clock regions from C:/Xilinx/Vivado/2014.4/data\parts/xilinx/zynq/zynq/xc7z020/ClockRegion.xml
Loading clock buffers from C:/Xilinx/Vivado/2014.4/data\parts/xilinx/zynq/zynq/xc7z020/ClockBuffers.xml
Loading clock placement rules from C:/Xilinx/Vivado/2014.4/data/parts/xilinx/zynq/ClockPlacerRules.xml
Loading package pin functions from C:/Xilinx/Vivado/2014.4/data\parts/xilinx/zynq/PinFunctions.xml...
Loading package from C:/Xilinx/Vivado/2014.4/data\parts/xilinx/zynq/zynq/xc7z020/clg484/Package.xml
Loading io standards from C:/Xilinx/Vivado/2014.4/data\./parts/xilinx/zynq/IOStandards.xml
INFO: [Project 1-570] Preparing netlist for logic optimization

Processing XDC Constraints
Initializing timing engine
Parsing XDC File [f:/FPGA2016/DEMO/starfire.srcs/sources_1/bd/design_1/ip/design_1_processing_system7_0_0/design_1_processing_system7_0_0.xdc] for cell 'design_1_i/processing_system7_0/inst'
Finished Parsing XDC File [f:/FPGA2016/DEMO/starfire.srcs/sources_1/bd/design_1/ip/design_1_processing_system7_0_0/design_1_processing_system7_0_0.xdc] for cell 'design_1_i/processing_system7_0/inst'
INFO: [Project 1-236] Implementation specific constraints were found while reading constraint file [f:/FPGA2016/DEMO/starfire.srcs/sources_1/bd/design_1/ip/design_1_processing_system7_0_0/design_1_processing_system7_0_0.xdc]. These constraints will be ignored for synthesis but will be used in implementation. Impacted constraints are listed in the file [.Xil/starfire_top_propImpl.xdc].
Resolution: To avoid this warning, move constraints listed in [.Xil/starfire_top_propImpl.xdc] to anoth XDC file and exclude this new file from synthesis with the used_in_synthesis property (File Properties dialog in GUI) and re-run elaboration/synthesis.
Parsing XDC File [f:/FPGA2016/DEMO/starfire.srcs/sources_1/bd/design_1/ip/design_1_rst_processing_system7_0_50M_0/design_1_rst_processing_system7_0_50M_0_board.xdc] for cell 'design_1_i/rst_processing_system7_0_50M'
Finished Parsing XDC File [f:/FPGA2016/DEMO/starfire.srcs/sources_1/bd/design_1/ip/design_1_rst_processing_system7_0_50M_0/design_1_rst_processing_system7_0_50M_0_board.xdc] for cell 'design_1_i/rst_processing_system7_0_50M'
Parsing XDC File [f:/FPGA2016/DEMO/starfire.srcs/sources_1/bd/design_1/ip/design_1_rst_processing_system7_0_50M_0/design_1_rst_processing_system7_0_50M_0.xdc] for cell 'design_1_i/rst_processing_system7_0_50M'
Finished Parsing XDC File [f:/FPGA2016/DEMO/starfire.srcs/sources_1/bd/design_1/ip/design_1_rst_processing_system7_0_50M_0/design_1_rst_processing_system7_0_50M_0.xdc] for cell 'design_1_i/rst_processing_system7_0_50M'
Parsing XDC File [F:/FPGA2016/DEMO/starfire.srcs/constrs_1/new/starfire_top.xdc]
Finished Parsing XDC File [F:/FPGA2016/DEMO/starfire.srcs/constrs_1/new/starfire_top.xdc]
Parsing XDC File [F:/FPGA2016/DEMO/starfire.runs/synth_1/dont_touch.xdc]
Finished Parsing XDC File [F:/FPGA2016/DEMO/starfire.runs/synth_1/dont_touch.xdc]
INFO: [Project 1-236] Implementation specific constraints were found while reading constraint file [F:/FPGA2016/DEMO/starfire.runs/synth_1/dont_touch.xdc]. These constraints will be ignored for synthesis but will be used in implementation. Impacted constraints are listed in the file [.Xil/starfire_top_propImpl.xdc].
Resolution: To avoid this warning, move constraints listed in [.Xil/starfire_top_propImpl.xdc] to anoth XDC file and exclude this new file from synthesis with the used_in_synthesis property (File Properties dialog in GUI) and re-run elaboration/synthesis.
Completed Processing XDC Constraints

INFO: [Project 1-111] Unisim Transformation Summary:
  A total of 15 instances were transformed.
  FDR => FDRE: 12 instances
  IOBUF => IOBUF (IBUF, OBUFT): 2 instances
  SRL16 => SRL16E: 1 instances

Constraint Validation Runtime : Time (s): cpu = 00:00:00 ; elapsed = 00:00:00.014 . Memory (MB): peak = 567.758 ; gain = 0.000
---------------------------------------------------------------------------------
Finished Constraint Validation : Time (s): cpu = 00:00:15 ; elapsed = 00:00:19 . Memory (MB): peak = 567.758 ; gain = 376.133
---------------------------------------------------------------------------------
---------------------------------------------------------------------------------
Start Loading Part and Timing Information
---------------------------------------------------------------------------------
Loading part: xc7z020clg484-1
---------------------------------------------------------------------------------
Finished Loading Part and Timing Information : Time (s): cpu = 00:00:16 ; elapsed = 00:00:19 . Memory (MB): peak = 567.758 ; gain = 376.133
---------------------------------------------------------------------------------
---------------------------------------------------------------------------------
Start Applying 'set_property' XDC Constraints
---------------------------------------------------------------------------------
Applied set_property DONT_TOUCH = true for design_1_i. (constraint file  F:/FPGA2016/DEMO/starfire.runs/synth_1/dont_touch.xdc, line 7).
Applied set_property DONT_TOUCH = true for design_1_i/processing_system7_0. (constraint file  F:/FPGA2016/DEMO/starfire.runs/synth_1/dont_touch.xdc, line 10).
Applied set_property DONT_TOUCH = true for design_1_i/processing_system7_0_axi_periph. (constraint file  F:/FPGA2016/DEMO/starfire.runs/synth_1/dont_touch.xdc, line 13).
Applied set_property DONT_TOUCH = true for design_1_i/rst_processing_system7_0_50M. (constraint file  F:/FPGA2016/DEMO/starfire.runs/synth_1/dont_touch.xdc, line 16).
Applied set_property DONT_TOUCH = true for design_1_i/processing_system7_0/inst. (constraint file  F:/FPGA2016/DEMO/starfire.runs/synth_1/dont_touch.xdc, line 19).
---------------------------------------------------------------------------------
Finished applying 'set_property' XDC Constraints : Time (s): cpu = 00:00:18 ; elapsed = 00:00:21 . Memory (MB): peak = 567.758 ; gain = 376.133
---------------------------------------------------------------------------------
INFO: [Synth 8-4471] merging register 'seq_cnt_en_reg' into 'from_sys_reg' [f:/FPGA2016/DEMO/starfire.srcs/sources_1/ipshared/xilinx.com/proc_sys_reset_v5_0/7820e39a/hdl/src/vhdl/sequence.vhd:222]
WARNING: [Synth 8-3848] Net ENET0_GMII_TX_EN in module/entity processing_system7_v5_5_processing_system7 does not have driver. [f:/FPGA2016/DEMO/starfire.srcs/sources_1/bd/design_1/ip/design_1_processing_system7_0_0/hdl/verilog/processing_system7_v5_5_processing_system7.v:215]
WARNING: [Synth 8-3848] Net ENET0_GMII_TX_ER in module/entity processing_system7_v5_5_processing_system7 does not have driver. [f:/FPGA2016/DEMO/starfire.srcs/sources_1/bd/design_1/ip/design_1_processing_system7_0_0/hdl/verilog/processing_system7_v5_5_processing_system7.v:216]
WARNING: [Synth 8-3848] Net ENET0_GMII_TXD in module/entity processing_system7_v5_5_processing_system7 does not have driver. [f:/FPGA2016/DEMO/starfire.srcs/sources_1/bd/design_1/ip/design_1_processing_system7_0_0/hdl/verilog/processing_system7_v5_5_processing_system7.v:232]
WARNING: [Synth 8-3848] Net ENET1_GMII_TX_EN in module/entity processing_system7_v5_5_processing_system7 does not have driver. [f:/FPGA2016/DEMO/starfire.srcs/sources_1/bd/design_1/ip/design_1_processing_system7_0_0/hdl/verilog/processing_system7_v5_5_processing_system7.v:246]
WARNING: [Synth 8-3848] Net ENET1_GMII_TX_ER in module/entity processing_system7_v5_5_processing_system7 does not have driver. [f:/FPGA2016/DEMO/starfire.srcs/sources_1/bd/design_1/ip/design_1_processing_system7_0_0/hdl/verilog/processing_system7_v5_5_processing_system7.v:247]
WARNING: [Synth 8-3848] Net ENET1_GMII_TXD in module/entity processing_system7_v5_5_processing_system7 does not have driver. [f:/FPGA2016/DEMO/starfire.srcs/sources_1/bd/design_1/ip/design_1_processing_system7_0_0/hdl/verilog/processing_system7_v5_5_processing_system7.v:261]
WARNING: [Synth 8-3848] Net PJTAG_TDO in module/entity processing_system7_v5_5_processing_system7 does not have driver. [f:/FPGA2016/DEMO/starfire.srcs/sources_1/bd/design_1/ip/design_1_processing_system7_0_0/hdl/verilog/processing_system7_v5_5_processing_system7.v:298]
WARNING: [Synth 8-3848] Net TRACE_CTL_PIPE[0] in module/entity processing_system7_v5_5_processing_system7 does not have driver. [f:/FPGA2016/DEMO/starfire.srcs/sources_1/bd/design_1/ip/design_1_processing_system7_0_0/hdl/verilog/processing_system7_v5_5_processing_system7.v:1304]
WARNING: [Synth 8-3848] Net TRACE_DATA_PIPE[0] in module/entity processing_system7_v5_5_processing_system7 does not have driver. [f:/FPGA2016/DEMO/starfire.srcs/sources_1/bd/design_1/ip/design_1_processing_system7_0_0/hdl/verilog/processing_system7_v5_5_processing_system7.v:1305]
WARNING: [Synth 8-3848] Net TRACE_CLK_OUT in module/entity processing_system7_v5_5_processing_system7 does not have driver. [f:/FPGA2016/DEMO/starfire.srcs/sources_1/bd/design_1/ip/design_1_processing_system7_0_0/hdl/verilog/processing_system7_v5_5_processing_system7.v:407]
WARNING: [Synth 8-3848] Net ENET0_GMII_COL_i in module/entity processing_system7_v5_5_processing_system7 does not have driver. [f:/FPGA2016/DEMO/starfire.srcs/sources_1/bd/design_1/ip/design_1_processing_system7_0_0/hdl/verilog/processing_system7_v5_5_processing_system7.v:1050]
WARNING: [Synth 8-3848] Net ENET0_GMII_CRS_i in module/entity processing_system7_v5_5_processing_system7 does not have driver. [f:/FPGA2016/DEMO/starfire.srcs/sources_1/bd/design_1/ip/design_1_processing_system7_0_0/hdl/verilog/processing_system7_v5_5_processing_system7.v:1051]
WARNING: [Synth 8-3848] Net ENET0_GMII_RXD_i in module/entity processing_system7_v5_5_processing_system7 does not have driver. [f:/FPGA2016/DEMO/starfire.srcs/sources_1/bd/design_1/ip/design_1_processing_system7_0_0/hdl/verilog/processing_system7_v5_5_processing_system7.v:1054]
WARNING: [Synth 8-3848] Net ENET0_GMII_RX_DV_i in module/entity processing_system7_v5_5_processing_system7 does not have driver. [f:/FPGA2016/DEMO/starfire.srcs/sources_1/bd/design_1/ip/design_1_processing_system7_0_0/hdl/verilog/processing_system7_v5_5_processing_system7.v:1052]
WARNING: [Synth 8-3848] Net ENET0_GMII_RX_ER_i in module/entity processing_system7_v5_5_processing_system7 does not have driver. [f:/FPGA2016/DEMO/starfire.srcs/sources_1/bd/design_1/ip/design_1_processing_system7_0_0/hdl/verilog/processing_system7_v5_5_processing_system7.v:1053]
WARNING: [Synth 8-3848] Net ENET1_GMII_COL_i in module/entity processing_system7_v5_5_processing_system7 does not have driver. [f:/FPGA2016/DEMO/starfire.srcs/sources_1/bd/design_1/ip/design_1_processing_system7_0_0/hdl/verilog/processing_system7_v5_5_processing_system7.v:1059]
WARNING: [Synth 8-3848] Net ENET1_GMII_CRS_i in module/entity processing_system7_v5_5_processing_system7 does not have driver. [f:/FPGA2016/DEMO/starfire.srcs/sources_1/bd/design_1/ip/design_1_processing_system7_0_0/hdl/verilog/processing_system7_v5_5_processing_system7.v:1060]
WARNING: [Synth 8-3848] Net ENET1_GMII_RXD_i in module/entity processing_system7_v5_5_processing_system7 does not have driver. [f:/FPGA2016/DEMO/starfire.srcs/sources_1/bd/design_1/ip/design_1_processing_system7_0_0/hdl/verilog/processing_system7_v5_5_processing_system7.v:1063]
WARNING: [Synth 8-3848] Net ENET1_GMII_RX_DV_i in module/entity processing_system7_v5_5_processing_system7 does not have driver. [f:/FPGA2016/DEMO/starfire.srcs/sources_1/bd/design_1/ip/design_1_processing_system7_0_0/hdl/verilog/processing_system7_v5_5_processing_system7.v:1061]
WARNING: [Synth 8-3848] Net ENET1_GMII_RX_ER_i in module/entity processing_system7_v5_5_processing_system7 does not have driver. [f:/FPGA2016/DEMO/starfire.srcs/sources_1/bd/design_1/ip/design_1_processing_system7_0_0/hdl/verilog/processing_system7_v5_5_processing_system7.v:1062]
WARNING: [Synth 8-3848] Net FTMD_TRACEIN_ATID_i in module/entity processing_system7_v5_5_processing_system7 does not have driver. [f:/FPGA2016/DEMO/starfire.srcs/sources_1/bd/design_1/ip/design_1_processing_system7_0_0/hdl/verilog/processing_system7_v5_5_processing_system7.v:1072]
WARNING: [Synth 8-3848] Net FTMD_TRACEIN_DATA_i in module/entity processing_system7_v5_5_processing_system7 does not have driver. [f:/FPGA2016/DEMO/starfire.srcs/sources_1/bd/design_1/ip/design_1_processing_system7_0_0/hdl/verilog/processing_system7_v5_5_processing_system7.v:1070]
WARNING: [Synth 8-3848] Net FTMD_TRACEIN_VALID_i in module/entity processing_system7_v5_5_processing_system7 does not have driver. [f:/FPGA2016/DEMO/starfire.srcs/sources_1/bd/design_1/ip/design_1_processing_system7_0_0/hdl/verilog/processing_system7_v5_5_processing_system7.v:1071]
---------------------------------------------------------------------------------
Finished RTL Optimization Phase 2 : Time (s): cpu = 00:00:18 ; elapsed = 00:00:22 . Memory (MB): peak = 567.758 ; gain = 376.133
---------------------------------------------------------------------------------

Report RTL Partitions: 
+-+--------------+------------+----------+
| |RTL Partition |Replication |Instances |
+-+--------------+------------+----------+
+-+--------------+------------+----------+
---------------------------------------------------------------------------------
Start RTL Component Statistics 
---------------------------------------------------------------------------------
Detailed RTL Component Info : 
+---Adders : 
	   2 Input      6 Bit       Adders := 1     
+---Registers : 
	                6 Bit    Registers := 1     
	                3 Bit    Registers := 3     
	                1 Bit    Registers := 13    
+---Muxes : 
	   2 Input      6 Bit        Muxes := 1     
	   2 Input      1 Bit        Muxes := 1     
---------------------------------------------------------------------------------
Finished RTL Component Statistics 
---------------------------------------------------------------------------------
---------------------------------------------------------------------------------
Start RTL Hierarchical Component Statistics 
---------------------------------------------------------------------------------
Hierarchical RTL Component report 
Module starfire_top 
Detailed RTL Component Info : 
Module processing_system7_v5_5_processing_system7 
Detailed RTL Component Info : 
Module design_1_processing_system7_0_0 
Detailed RTL Component Info : 
Module s00_couplers_imp_1CFO1MB 
Detailed RTL Component Info : 
Module design_1_processing_system7_0_axi_periph_0 
Detailed RTL Component Info : 
Module cdc_sync 
Detailed RTL Component Info : 
Module lpf 
Detailed RTL Component Info : 
+---Registers : 
	                1 Bit    Registers := 3     
Module upcnt_n 
Detailed RTL Component Info : 
+---Adders : 
	   2 Input      6 Bit       Adders := 1     
+---Registers : 
	                6 Bit    Registers := 1     
+---Muxes : 
	   2 Input      6 Bit        Muxes := 1     
	   2 Input      1 Bit        Muxes := 1     
Module sequence 
Detailed RTL Component Info : 
+---Registers : 
	                3 Bit    Registers := 3     
	                1 Bit    Registers := 5     
Module proc_sys_reset__parameterized0 
Detailed RTL Component Info : 
+---Registers : 
	                1 Bit    Registers := 5     
Module design_1_rst_processing_system7_0_50M_0 
Detailed RTL Component Info : 
Module design_1 
Detailed RTL Component Info : 
---------------------------------------------------------------------------------
Finished RTL Hierarchical Component Statistics
---------------------------------------------------------------------------------
---------------------------------------------------------------------------------
Start Part Resource Summary
---------------------------------------------------------------------------------
Part Resources:
DSPs: 220 (col length:60)
BRAMs: 280 (col length: RAMB18 60 RAMB36 30)
---------------------------------------------------------------------------------
Finished Part Resource Summary
---------------------------------------------------------------------------------
Start Parallel Synthesis Optimization  : Time (s): cpu = 00:00:18 ; elapsed = 00:00:22 . Memory (MB): peak = 567.758 ; gain = 376.133
---------------------------------------------------------------------------------
Start Cross Boundary Optimization
---------------------------------------------------------------------------------
---------------------------------------------------------------------------------
Finished Cross Boundary Optimization : Time (s): cpu = 00:00:18 ; elapsed = 00:00:22 . Memory (MB): peak = 567.758 ; gain = 376.133
---------------------------------------------------------------------------------
Finished Parallel Reinference  : Time (s): cpu = 00:00:18 ; elapsed = 00:00:22 . Memory (MB): peak = 567.758 ; gain = 376.133

Report RTL Partitions: 
+-+--------------+------------+----------+
| |RTL Partition |Replication |Instances |
+-+--------------+------------+----------+
+-+--------------+------------+----------+
---------------------------------------------------------------------------------
Start RAM, DSP and Shift Register Reporting
---------------------------------------------------------------------------------
---------------------------------------------------------------------------------
Finished RAM, DSP and Shift Register Reporting
---------------------------------------------------------------------------------
---------------------------------------------------------------------------------
Start Area Optimization
---------------------------------------------------------------------------------
---------------------------------------------------------------------------------
Finished Area Optimization : Time (s): cpu = 00:00:18 ; elapsed = 00:00:22 . Memory (MB): peak = 567.758 ; gain = 376.133
---------------------------------------------------------------------------------
---------------------------------------------------------------------------------
Finished Area Optimization : Time (s): cpu = 00:00:18 ; elapsed = 00:00:22 . Memory (MB): peak = 567.758 ; gain = 376.133
---------------------------------------------------------------------------------
Finished Parallel Area Optimization  : Time (s): cpu = 00:00:18 ; elapsed = 00:00:22 . Memory (MB): peak = 567.758 ; gain = 376.133

Report RTL Partitions: 
+-+--------------+------------+----------+
| |RTL Partition |Replication |Instances |
+-+--------------+------------+----------+
+-+--------------+------------+----------+
Finished Parallel Synthesis Optimization  : Time (s): cpu = 00:00:18 ; elapsed = 00:00:22 . Memory (MB): peak = 567.758 ; gain = 376.133
---------------------------------------------------------------------------------
Start Timing Optimization
---------------------------------------------------------------------------------
---------------------------------------------------------------------------------
Start Applying XDC Timing Constraints
---------------------------------------------------------------------------------
---------------------------------------------------------------------------------
Finished Applying XDC Timing Constraints : Time (s): cpu = 00:00:32 ; elapsed = 00:00:36 . Memory (MB): peak = 778.344 ; gain = 586.719
---------------------------------------------------------------------------------
---------------------------------------------------------------------------------
Finished Timing Optimization : Time (s): cpu = 00:00:32 ; elapsed = 00:00:36 . Memory (MB): peak = 793.828 ; gain = 602.203
---------------------------------------------------------------------------------

Report RTL Partitions: 
+-+--------------+------------+----------+
| |RTL Partition |Replication |Instances |
+-+--------------+------------+----------+
+-+--------------+------------+----------+
---------------------------------------------------------------------------------
Start Technology Mapping
---------------------------------------------------------------------------------
INFO: [Synth 8-3332] Sequential element (\U0/EXT_LPF/ACTIVE_LOW_EXT.ACT_LO_EXT/GENERATE_LEVEL_P_S_CDC.SINGLE_BIT.CROSS_PLEVEL_IN2SCNDRY_s_level_out_d5 ) is unused and will be removed from module design_1_rst_processing_system7_0_50M_0.
INFO: [Synth 8-3332] Sequential element (\U0/EXT_LPF/ACTIVE_LOW_EXT.ACT_LO_EXT/GENERATE_LEVEL_P_S_CDC.SINGLE_BIT.CROSS_PLEVEL_IN2SCNDRY_s_level_out_d6 ) is unused and will be removed from module design_1_rst_processing_system7_0_50M_0.
INFO: [Synth 8-3332] Sequential element (\U0/EXT_LPF/ACTIVE_LOW_AUX.ACT_LO_AUX/GENERATE_LEVEL_P_S_CDC.SINGLE_BIT.CROSS_PLEVEL_IN2SCNDRY_s_level_out_d5 ) is unused and will be removed from module design_1_rst_processing_system7_0_50M_0.
INFO: [Synth 8-3332] Sequential element (\U0/EXT_LPF/ACTIVE_LOW_AUX.ACT_LO_AUX/GENERATE_LEVEL_P_S_CDC.SINGLE_BIT.CROSS_PLEVEL_IN2SCNDRY_s_level_out_d6 ) is unused and will be removed from module design_1_rst_processing_system7_0_50M_0.
---------------------------------------------------------------------------------
Finished Technology Mapping : Time (s): cpu = 00:00:33 ; elapsed = 00:00:37 . Memory (MB): peak = 807.531 ; gain = 615.906
---------------------------------------------------------------------------------

Report RTL Partitions: 
+-+--------------+------------+----------+
| |RTL Partition |Replication |Instances |
+-+--------------+------------+----------+
+-+--------------+------------+----------+
---------------------------------------------------------------------------------
Start IO Insertion
---------------------------------------------------------------------------------
---------------------------------------------------------------------------------
Start Flattening Before IO Insertion
---------------------------------------------------------------------------------
---------------------------------------------------------------------------------
Finished Flattening Before IO Insertion
---------------------------------------------------------------------------------
---------------------------------------------------------------------------------
Start Final Netlist Cleanup
---------------------------------------------------------------------------------
---------------------------------------------------------------------------------
Finished Final Netlist Cleanup
---------------------------------------------------------------------------------
---------------------------------------------------------------------------------
Finished IO Insertion : Time (s): cpu = 00:00:34 ; elapsed = 00:00:38 . Memory (MB): peak = 807.531 ; gain = 615.906
---------------------------------------------------------------------------------

Report Check Netlist: 
+------+------------------+-------+---------+-------+------------------+
|      |Item              |Errors |Warnings |Status |Description       |
+------+------------------+-------+---------+-------+------------------+
|1     |multi_driven_nets |      0|        0|Passed |Multi driven nets |
+------+------------------+-------+---------+-------+------------------+
---------------------------------------------------------------------------------
Start Renaming Generated Instances
---------------------------------------------------------------------------------
---------------------------------------------------------------------------------
Finished Renaming Generated Instances : Time (s): cpu = 00:00:34 ; elapsed = 00:00:38 . Memory (MB): peak = 807.531 ; gain = 615.906
---------------------------------------------------------------------------------

Report RTL Partitions: 
+-+--------------+------------+----------+
| |RTL Partition |Replication |Instances |
+-+--------------+------------+----------+
+-+--------------+------------+----------+
---------------------------------------------------------------------------------
Start Rebuilding User Hierarchy
---------------------------------------------------------------------------------
---------------------------------------------------------------------------------
Finished Rebuilding User Hierarchy : Time (s): cpu = 00:00:34 ; elapsed = 00:00:38 . Memory (MB): peak = 807.531 ; gain = 615.906
---------------------------------------------------------------------------------
---------------------------------------------------------------------------------
Start RAM, DSP and Shift Register Reporting
---------------------------------------------------------------------------------
---------------------------------------------------------------------------------
Finished RAM, DSP and Shift Register Reporting
---------------------------------------------------------------------------------
---------------------------------------------------------------------------------
Start Writing Synthesis Report
---------------------------------------------------------------------------------

Report BlackBoxes: 
+-+--------------+----------+
| |BlackBox name |Instances |
+-+--------------+----------+
+-+--------------+----------+

Report Cell Usage: 
+------+------+------+
|      |Cell  |Count |
+------+------+------+
|1     |BIBUF |   130|
|2     |BUFG  |     1|
|3     |GND   |     1|
|4     |LUT1  |    93|
|5     |LUT2  |     9|
|6     |LUT3  |     1|
|7     |LUT4  |     6|
|8     |LUT5  |     3|
|9     |LUT6  |     1|
|10    |PS7   |     1|
|11    |SRL16 |     1|
|12    |VCC   |     1|
|13    |FDR   |     8|
|14    |FDRE  |    30|
|15    |FDSE  |     4|
|16    |IOBUF |     2|
+------+------+------+

Report Instance Areas: 
+------+--------------------------------------+-------------------------------------------+------+
|      |Instance                              |Module                                     |Cells |
+------+--------------------------------------+-------------------------------------------+------+
|1     |top                                   |                                           |   292|
|2     |  design_1_i                          |design_1                                   |   290|
|3     |    processing_system7_0              |design_1_processing_system7_0_0            |   220|
|4     |      inst                            |processing_system7_v5_5_processing_system7 |   220|
|5     |    processing_system7_0_axi_periph   |design_1_processing_system7_0_axi_periph_0 |     0|
|6     |    rst_processing_system7_0_50M      |design_1_rst_processing_system7_0_50M_0    |    68|
|7     |      U0                              |proc_sys_reset__parameterized0             |    68|
|8     |        EXT_LPF                       |lpf                                        |    23|
|9     |          \ACTIVE_LOW_AUX.ACT_LO_AUX  |cdc_sync                                   |     5|
|10    |          \ACTIVE_LOW_EXT.ACT_LO_EXT  |cdc_sync_0                                 |     5|
|11    |        SEQ                           |sequence                                   |    40|
|12    |          SEQ_COUNTER                 |upcnt_n                                    |    14|
+------+--------------------------------------+-------------------------------------------+------+
---------------------------------------------------------------------------------
Finished Writing Synthesis Report : Time (s): cpu = 00:00:34 ; elapsed = 00:00:38 . Memory (MB): peak = 807.531 ; gain = 615.906
---------------------------------------------------------------------------------
Synthesis finished with 0 errors, 0 critical warnings and 23 warnings.
Synthesis Optimization Runtime : Time (s): cpu = 00:00:00 ; elapsed = 00:00:26 . Memory (MB): peak = 807.531 ; gain = 306.590
Synthesis Optimization Complete : Time (s): cpu = 00:00:34 ; elapsed = 00:00:38 . Memory (MB): peak = 807.531 ; gain = 615.906
INFO: [Project 1-571] Translating synthesized netlist
INFO: [Netlist 29-17] Analyzing 11 Unisim elements for replacement
INFO: [Netlist 29-28] Unisim Transformation completed in 0 CPU seconds
INFO: [Project 1-570] Preparing netlist for logic optimization
INFO: [Opt 31-140] Inserted 0 IBUFs to IO ports without IO buffers.
INFO: [Opt 31-141] Inserted 0 OBUFs to IO ports without IO buffers.
INFO: [Opt 31-138] Pushed 0 inverter(s) to 0 load pin(s).
INFO: [Project 1-111] Unisim Transformation Summary:
  A total of 11 instances were transformed.
  FDR => FDRE: 8 instances
  IOBUF => IOBUF (IBUF, OBUFT): 2 instances
  SRL16 => SRL16E: 1 instances

INFO: [Common 17-83] Releasing license: Synthesis
72 Infos, 147 Warnings, 0 Critical Warnings and 0 Errors encountered.
synth_design completed successfully
synth_design: Time (s): cpu = 00:00:32 ; elapsed = 00:00:34 . Memory (MB): peak = 807.531 ; gain = 579.148
# write_checkpoint -noxdef starfire_top.dcp
# catch { report_utilization -file starfire_top_utilization_synth.rpt -pb starfire_top_utilization_synth.pb }
report_utilization: Time (s): cpu = 00:00:00 ; elapsed = 00:00:00.043 . Memory (MB): peak = 807.531 ; gain = 0.000
INFO: [Common 17-206] Exiting Vivado at Wed Sep 27 10:30:11 2017...
